<?xml version="1.0" encoding="UTF-8"?>
<!-- Generated by org.testng.reporters.JUnitXMLReporter -->
<testsuite ignored="0" hostname="Raj-N-Sam" failures="0" tests="3" name="Default test" time="33.033" errors="0" timestamp="2024-02-05T18:49:26 CST">
  <testcase classname="TestNgPractice.Yahoo" name="launchYahoo" time="32.998"/>
  <testcase classname="TestNgPractice.Yahoo" name="loginYahoo" time="0.001"/>
  <testcase classname="TestNgPractice.Yahoo" name="closeYahoo" time="0.0"/>
</testsuite> <!-- Default test -->
