<?xml version="1.0" encoding="UTF-8"?>
<testng-results ignored="0" total="3" passed="3" failed="0" skipped="0">
  <reporter-output>
  </reporter-output>
  <suite started-at="2024-02-05T18:48:53 CST" name="Default suite" finished-at="2024-02-05T18:49:26 CST" duration-ms="33033">
    <groups>
    </groups>
    <test started-at="2024-02-05T18:48:53 CST" name="Default test" finished-at="2024-02-05T18:49:26 CST" duration-ms="33033">
      <class name="TestNgPractice.Yahoo">
        <test-method signature="launchYahoo()[pri:1, instance:TestNgPractice.Yahoo@4c398c80]" started-at="2024-02-05T18:48:53 CST" name="launchYahoo" finished-at="2024-02-05T18:49:26 CST" duration-ms="32998" status="PASS">
          <reporter-output>
          </reporter-output>
        </test-method> <!-- launchYahoo -->
        <test-method signature="loginYahoo()[pri:2, instance:TestNgPractice.Yahoo@4c398c80]" started-at="2024-02-05T18:49:26 CST" name="loginYahoo" finished-at="2024-02-05T18:49:26 CST" duration-ms="1" status="PASS">
          <reporter-output>
          </reporter-output>
        </test-method> <!-- loginYahoo -->
        <test-method signature="closeYahoo()[pri:3, instance:TestNgPractice.Yahoo@4c398c80]" started-at="2024-02-05T18:49:26 CST" name="closeYahoo" finished-at="2024-02-05T18:49:26 CST" duration-ms="0" status="PASS">
          <reporter-output>
          </reporter-output>
        </test-method> <!-- closeYahoo -->
      </class> <!-- TestNgPractice.Yahoo -->
    </test> <!-- Default test -->
  </suite> <!-- Default suite -->
</testng-results>
